[debug] [2025-06-18T09:07:16.978Z] ----------------------------------------------------------------------
[debug] [2025-06-18T09:07:16.979Z] Command:       /Users/pavanmadusha/.nvm/versions/node/v20.16.0/bin/node /Users/pavanmadusha/.nvm/versions/node/v20.16.0/bin/firebase emulators:start
[debug] [2025-06-18T09:07:16.980Z] CLI Version:   13.15.2
[debug] [2025-06-18T09:07:16.980Z] Platform:      darwin
[debug] [2025-06-18T09:07:16.980Z] Node Version:  v20.16.0
[debug] [2025-06-18T09:07:16.980Z] Time:          Wed Jun 18 2025 14:37:16 GMT+0530 (India Standard Time)
[debug] [2025-06-18T09:07:16.980Z] ----------------------------------------------------------------------
[debug] 
[debug] [2025-06-18T09:07:17.038Z] > command requires scopes: ["email","openid","https://www.googleapis.com/auth/cloudplatformprojects.readonly","https://www.googleapis.com/auth/firebase","https://www.googleapis.com/auth/cloud-platform"]
[debug] [2025-06-18T09:07:17.038Z] > authorizing via signed-in user (kppavanmadusha@gmail.com)
[info] i  emulators: Starting emulators: functions {"metadata":{"emulator":{"name":"hub"},"message":"Starting emulators: functions"}}
[debug] [2025-06-18T09:07:17.213Z] [logging] Logging Emulator only supports listening on one address (127.0.0.1). Not listening on ::1
[debug] [2025-06-18T09:07:17.214Z] assigned listening specs for emulators {"user":{"hub":[{"address":"127.0.0.1","family":"IPv4","port":4400},{"address":"::1","family":"IPv6","port":4400}],"ui":[{"address":"127.0.0.1","family":"IPv4","port":4000},{"address":"::1","family":"IPv6","port":4000}],"logging":[{"address":"127.0.0.1","family":"IPv4","port":4500}]},"metadata":{"message":"assigned listening specs for emulators"}}
[debug] [2025-06-18T09:07:17.216Z] [hub] writing locator at /var/folders/g5/jd245_6j2dgd98zvwbvn3smr0000gn/T/hub-sl-ekathandara-node.json
[debug] [2025-06-18T09:07:17.331Z] [functions] Functions Emulator only supports listening on one address (127.0.0.1). Not listening on ::1
[debug] [2025-06-18T09:07:17.331Z] [eventarc] Eventarc Emulator only supports listening on one address (127.0.0.1). Not listening on ::1
[debug] [2025-06-18T09:07:17.331Z] late-assigned ports for functions and eventarc emulators {"user":{"hub":[{"address":"127.0.0.1","family":"IPv4","port":4400},{"address":"::1","family":"IPv6","port":4400}],"ui":[{"address":"127.0.0.1","family":"IPv4","port":4000},{"address":"::1","family":"IPv6","port":4000}],"logging":[{"address":"127.0.0.1","family":"IPv4","port":4500}],"functions":[{"address":"127.0.0.1","family":"IPv4","port":5001}],"eventarc":[{"address":"127.0.0.1","family":"IPv4","port":9299}]},"metadata":{"message":"late-assigned ports for functions and eventarc emulators"}}
[warn] ⚠  functions: The following emulators are not running, calls to these services from the Functions emulator will affect production: auth, firestore, database, hosting, pubsub, storage, dataconnect {"metadata":{"emulator":{"name":"functions"},"message":"The following emulators are not running, calls to these services from the Functions emulator will affect production: \u001b[1mauth, firestore, database, hosting, pubsub, storage, dataconnect\u001b[22m"}}
[debug] [2025-06-18T09:07:17.333Z] defaultcredentials: writing to file /Users/pavanmadusha/.config/firebase/kppavanmadusha_gmail_com_application_default_credentials.json
[debug] [2025-06-18T09:07:17.334Z] Setting GAC to /Users/pavanmadusha/.config/firebase/kppavanmadusha_gmail_com_application_default_credentials.json {"metadata":{"emulator":{"name":"functions"},"message":"Setting GAC to /Users/pavanmadusha/.config/firebase/kppavanmadusha_gmail_com_application_default_credentials.json"}}
[debug] [2025-06-18T09:07:17.334Z] >>> [apiv2][query] GET https://firebase.googleapis.com/v1beta1/projects/sl-ekathandara-node/adminSdkConfig [none]
[debug] [2025-06-18T09:07:17.890Z] <<< [apiv2][status] GET https://firebase.googleapis.com/v1beta1/projects/sl-ekathandara-node/adminSdkConfig 200
[debug] [2025-06-18T09:07:17.891Z] <<< [apiv2][body] GET https://firebase.googleapis.com/v1beta1/projects/sl-ekathandara-node/adminSdkConfig {"projectId":"sl-ekathandara-node","storageBucket":"sl-ekathandara-node.firebasestorage.app"}
[debug] [2025-06-18T09:07:17.903Z] Ignoring unsupported arg: auto_download {"metadata":{"emulator":{"name":"ui"},"message":"Ignoring unsupported arg: auto_download"}}
[debug] [2025-06-18T09:07:17.903Z] Ignoring unsupported arg: port {"metadata":{"emulator":{"name":"ui"},"message":"Ignoring unsupported arg: port"}}
[debug] [2025-06-18T09:07:17.903Z] Starting Emulator UI with command {"binary":"node","args":["/Users/pavanmadusha/.cache/firebase/emulators/ui-v1.13.0/server/server.mjs"],"optionalArgs":[],"joinArgs":false,"shell":false} {"metadata":{"emulator":{"name":"ui"},"message":"Starting Emulator UI with command {\"binary\":\"node\",\"args\":[\"/Users/pavanmadusha/.cache/firebase/emulators/ui-v1.13.0/server/server.mjs\"],\"optionalArgs\":[],\"joinArgs\":false,\"shell\":false}"}}
[info] i  ui: Emulator UI logging to ui-debug.log {"metadata":{"emulator":{"name":"ui"},"message":"Emulator UI logging to \u001b[1mui-debug.log\u001b[22m"}}
[debug] [2025-06-18T09:07:17.983Z] Web / API server started at 127.0.0.1:4000
 {"metadata":{"emulator":{"name":"ui"},"message":"Web / API server started at 127.0.0.1:4000\n"}}
[debug] [2025-06-18T09:07:17.983Z] Web / API server started at ::1:4000
 {"metadata":{"emulator":{"name":"ui"},"message":"Web / API server started at ::1:4000\n"}}
[info] i  functions: Watching "/Volumes/Workspace/My projects/node-backend/functions" for Cloud Functions... {"metadata":{"emulator":{"name":"functions"},"message":"Watching \"/Volumes/Workspace/My projects/node-backend/functions\" for Cloud Functions..."}}
[debug] [2025-06-18T09:07:18.115Z] Validating nodejs source
[warn] ⚠  functions: package.json indicates an outdated version of firebase-functions. Please upgrade using npm install --save firebase-functions@latest in your functions directory. 
[warn] ⚠  functions: Please note that there will be breaking changes when you upgrade. 
[debug] [2025-06-18T09:07:18.499Z] > [functions] package.json contents: {
  "name": "functions",
  "description": "Cloud Functions for Firebase",
  "scripts": {
    "serve": "firebase emulators:start --only functions",
    "shell": "firebase functions:shell",
    "start": "npm run shell",
    "deploy": "firebase deploy --only functions",
    "logs": "firebase functions:log"
  },
  "engines": {
    "node": "18"
  },
  "main": "index.js",
  "dependencies": {
    "firebase-admin": "^12.1.0",
    "firebase-functions": "^5.0.0",
    "aws-sdk": "^2.1692.0",
    "body-parser": "^1.20.3",
    "cors": "^2.8.5",
    "dotenv": "^16.4.6",
    "express": "^4.21.1",
    "mongoose": "^8.8.3",
    "multer": "^1.4.5-lts.1",
    "sequelize": "^6.37.5"
  },
  "devDependencies": {
    "firebase-functions-test": "^3.1.0"
  },
  "private": true
}
[debug] [2025-06-18T09:07:18.499Z] Building nodejs source
[debug] [2025-06-18T09:07:18.500Z] Failed to find version of module node: reached end of search path /Volumes/Workspace/My projects/node-backend/functions/node_modules
[warn] ⚠  functions: Your requested "node" version "18" doesn't match your global version "20". Using node@20 from host. 
[info] i  functions: Loaded environment variables from .env. 
[debug] [2025-06-18T09:07:18.501Z] Could not find functions.yaml. Must use http discovery
[debug] [2025-06-18T09:07:18.504Z] Found firebase-functions binary at '/Volumes/Workspace/My projects/node-backend/functions/node_modules/.bin/firebase-functions'
[info] Serving at port 8775

[debug] [2025-06-18T09:07:18.969Z] Got response from /__/functions.yaml {"endpoints":{"api":{"platform":"gcfv1","availableMemoryMb":null,"timeoutSeconds":null,"minInstances":null,"maxInstances":null,"ingressSettings":null,"serviceAccountEmail":null,"vpc":null,"httpsTrigger":{},"entryPoint":"api"}},"specVersion":"v1alpha1","requiredAPIs":[],"extensions":{}}
[error] (node:67059) NOTE: The AWS SDK for JavaScript (v2) is in maintenance mode.
 SDK releases are limited to address critical bug fixes and security issues only.

Please migrate your code to use AWS SDK for JavaScript (v3).
For more information, check the blog post at https://a.co/cUPnyil
(Use `node --trace-warnings ...` to show where the warning was created)

[info] Database connected successfully!

[info] ✔  functions: Loaded functions definitions from source: api. {"metadata":{"emulator":{"name":"functions"},"message":"Loaded functions definitions from source: api."}}
[info] ✔  functions[us-central1-api]: http function initialized (http://127.0.0.1:5001/sl-ekathandara-node/us-central1/api). {"metadata":{"emulator":{"name":"functions"},"message":"\u001b[1mhttp\u001b[22m function initialized (http://127.0.0.1:5001/sl-ekathandara-node/us-central1/api)."}}
[info] 
┌─────────────────────────────────────────────────────────────┐
│ ✔  All emulators ready! It is now safe to connect your app. │
│ i  View Emulator UI at http://127.0.0.1:4000/               │
└─────────────────────────────────────────────────────────────┘

┌───────────┬────────────────┬─────────────────────────────────┐
│ Emulator  │ Host:Port      │ View in Emulator UI             │
├───────────┼────────────────┼─────────────────────────────────┤
│ Functions │ 127.0.0.1:5001 │ http://127.0.0.1:4000/functions │
└───────────┴────────────────┴─────────────────────────────────┘
  Emulator Hub running at 127.0.0.1:4400
  Other reserved ports: 4500

Issues? Report them at https://github.com/firebase/firebase-tools/issues and attach the *-debug.log files.
 
[debug] [2025-06-18T09:07:40.918Z] [work-queue] {"queuedWork":["/sl-ekathandara-node/us-central1/api/content/contents-2025-06-18T09:07:40.918Z"],"queueLength":1,"runningWork":[],"workRunningCount":0}
[debug] [2025-06-18T09:07:40.919Z] [work-queue] {"queuedWork":[],"queueLength":0,"runningWork":["/sl-ekathandara-node/us-central1/api/content/contents-2025-06-18T09:07:40.918Z"],"workRunningCount":1}
[debug] [2025-06-18T09:07:40.919Z] Accepted request GET /sl-ekathandara-node/us-central1/api/content/contents --> us-central1-api
[debug] [2025-06-18T09:07:40.921Z] [functions] Runtime ready! Sending request! {"metadata":{"emulator":{"name":"functions"},"message":"[functions] Runtime ready! Sending request!"}}
[debug] [2025-06-18T09:07:40.922Z] [functions] Got req.url=/sl-ekathandara-node/us-central1/api/content/contents, mapping to path=/content/contents {"metadata":{"emulator":{"name":"functions"},"message":"[functions] Got req.url=/sl-ekathandara-node/us-central1/api/content/contents, mapping to path=/content/contents"}}
[info] i  functions: Loaded environment variables from .env. 
[debug] [2025-06-18T09:07:40.925Z] [worker-pool] addWorker(us-central1-api) {"metadata":{"emulator":{"name":"functions"},"message":"[worker-pool] addWorker(us-central1-api)"}}
[debug] [2025-06-18T09:07:40.926Z] [worker-pool] Adding worker with key us-central1-api, total=1 {"metadata":{"emulator":{"name":"functions"},"message":"[worker-pool] Adding worker with key us-central1-api, total=1"}}
[debug] [2025-06-18T09:07:41.301Z] [runtime-status] [67086] Resolved module firebase-admin {"declared":true,"installed":true,"version":"12.7.0","resolution":"/Volumes/Workspace/My projects/node-backend/functions/node_modules/firebase-admin/lib/index.js"} {"metadata":{"emulator":{"name":"functions"},"function":{"name":"us-central1-api"},"extension":{},"message":"[runtime-status] [67086] Resolved module firebase-admin {\"declared\":true,\"installed\":true,\"version\":\"12.7.0\",\"resolution\":\"/Volumes/Workspace/My projects/node-backend/functions/node_modules/firebase-admin/lib/index.js\"}"}}
[debug] [2025-06-18T09:07:41.302Z] [runtime-status] [67086] Resolved module firebase-functions {"declared":true,"installed":true,"version":"5.1.1","resolution":"/Volumes/Workspace/My projects/node-backend/functions/node_modules/firebase-functions/lib/v1/index.js"} {"metadata":{"emulator":{"name":"functions"},"function":{"name":"us-central1-api"},"extension":{},"message":"[runtime-status] [67086] Resolved module firebase-functions {\"declared\":true,\"installed\":true,\"version\":\"5.1.1\",\"resolution\":\"/Volumes/Workspace/My projects/node-backend/functions/node_modules/firebase-functions/lib/v1/index.js\"}"}}
[debug] [2025-06-18T09:07:41.302Z] [runtime-status] [67086] Outgoing network have been stubbed. [{"name":"http","status":"mocked"},{"name":"http","status":"mocked"},{"name":"https","status":"mocked"},{"name":"https","status":"mocked"},{"name":"net","status":"mocked"}] {"metadata":{"emulator":{"name":"functions"},"function":{"name":"us-central1-api"},"extension":{},"message":"[runtime-status] [67086] Outgoing network have been stubbed. [{\"name\":\"http\",\"status\":\"mocked\"},{\"name\":\"http\",\"status\":\"mocked\"},{\"name\":\"https\",\"status\":\"mocked\"},{\"name\":\"https\",\"status\":\"mocked\"},{\"name\":\"net\",\"status\":\"mocked\"}]"}}
[debug] [2025-06-18T09:07:41.302Z] [runtime-status] [67086] Resolved module firebase-functions {"declared":true,"installed":true,"version":"5.1.1","resolution":"/Volumes/Workspace/My projects/node-backend/functions/node_modules/firebase-functions/lib/v1/index.js"} {"metadata":{"emulator":{"name":"functions"},"function":{"name":"us-central1-api"},"extension":{},"message":"[runtime-status] [67086] Resolved module firebase-functions {\"declared\":true,\"installed\":true,\"version\":\"5.1.1\",\"resolution\":\"/Volumes/Workspace/My projects/node-backend/functions/node_modules/firebase-functions/lib/v1/index.js\"}"}}
[debug] [2025-06-18T09:07:41.362Z] [runtime-status] [67086] Checked functions.config() {"config":{}} {"metadata":{"emulator":{"name":"functions"},"function":{"name":"us-central1-api"},"extension":{},"message":"[runtime-status] [67086] Checked functions.config() {\"config\":{}}"}}
[debug] [2025-06-18T09:07:41.362Z] [runtime-status] [67086] firebase-functions has been stubbed. {"functionsResolution":{"declared":true,"installed":true,"version":"5.1.1","resolution":"/Volumes/Workspace/My projects/node-backend/functions/node_modules/firebase-functions/lib/v1/index.js"}} {"metadata":{"emulator":{"name":"functions"},"function":{"name":"us-central1-api"},"extension":{},"message":"[runtime-status] [67086] firebase-functions has been stubbed. {\"functionsResolution\":{\"declared\":true,\"installed\":true,\"version\":\"5.1.1\",\"resolution\":\"/Volumes/Workspace/My projects/node-backend/functions/node_modules/firebase-functions/lib/v1/index.js\"}}"}}
[debug] [2025-06-18T09:07:41.363Z] [runtime-status] [67086] Resolved module firebase-functions {"declared":true,"installed":true,"version":"5.1.1","resolution":"/Volumes/Workspace/My projects/node-backend/functions/node_modules/firebase-functions/lib/v1/index.js"} {"metadata":{"emulator":{"name":"functions"},"function":{"name":"us-central1-api"},"extension":{},"message":"[runtime-status] [67086] Resolved module firebase-functions {\"declared\":true,\"installed\":true,\"version\":\"5.1.1\",\"resolution\":\"/Volumes/Workspace/My projects/node-backend/functions/node_modules/firebase-functions/lib/v1/index.js\"}"}}
[debug] [2025-06-18T09:07:41.363Z] [runtime-status] [67086] Resolved module firebase-admin {"declared":true,"installed":true,"version":"12.7.0","resolution":"/Volumes/Workspace/My projects/node-backend/functions/node_modules/firebase-admin/lib/index.js"} {"metadata":{"emulator":{"name":"functions"},"function":{"name":"us-central1-api"},"extension":{},"message":"[runtime-status] [67086] Resolved module firebase-admin {\"declared\":true,\"installed\":true,\"version\":\"12.7.0\",\"resolution\":\"/Volumes/Workspace/My projects/node-backend/functions/node_modules/firebase-admin/lib/index.js\"}"}}
[debug] [2025-06-18T09:07:41.364Z] [runtime-status] [67086] Resolved module firebase-functions {"declared":true,"installed":true,"version":"5.1.1","resolution":"/Volumes/Workspace/My projects/node-backend/functions/node_modules/firebase-functions/lib/v1/index.js"} {"metadata":{"emulator":{"name":"functions"},"function":{"name":"us-central1-api"},"extension":{},"message":"[runtime-status] [67086] Resolved module firebase-functions {\"declared\":true,\"installed\":true,\"version\":\"5.1.1\",\"resolution\":\"/Volumes/Workspace/My projects/node-backend/functions/node_modules/firebase-functions/lib/v1/index.js\"}"}}
[debug] [2025-06-18T09:07:41.364Z] [runtime-status] [67086] firebase-admin has been stubbed. {"adminResolution":{"declared":true,"installed":true,"version":"12.7.0","resolution":"/Volumes/Workspace/My projects/node-backend/functions/node_modules/firebase-admin/lib/index.js"}} {"metadata":{"emulator":{"name":"functions"},"function":{"name":"us-central1-api"},"extension":{},"message":"[runtime-status] [67086] firebase-admin has been stubbed. {\"adminResolution\":{\"declared\":true,\"installed\":true,\"version\":\"12.7.0\",\"resolution\":\"/Volumes/Workspace/My projects/node-backend/functions/node_modules/firebase-admin/lib/index.js\"}}"}}
[debug] [2025-06-18T09:07:41.532Z] [runtime-status] [67086] Functions runtime initialized. {"cwd":"/Volumes/Workspace/My projects/node-backend/functions","node_version":"20.16.0"} {"metadata":{"emulator":{"name":"functions"},"function":{"name":"us-central1-api"},"extension":{},"message":"[runtime-status] [67086] Functions runtime initialized. {\"cwd\":\"/Volumes/Workspace/My projects/node-backend/functions\",\"node_version\":\"20.16.0\"}"}}
[debug] [2025-06-18T09:07:41.532Z] [runtime-status] [67086] Listening to port: /var/folders/g5/jd245_6j2dgd98zvwbvn3smr0000gn/T/fire_emu_885d1b0ed75bc0a6.sock {"metadata":{"emulator":{"name":"functions"},"function":{"name":"us-central1-api"},"extension":{},"message":"[runtime-status] [67086] Listening to port: /var/folders/g5/jd245_6j2dgd98zvwbvn3smr0000gn/T/fire_emu_885d1b0ed75bc0a6.sock"}}
[info] >  (node:67086) NOTE: The AWS SDK for JavaScript (v2) is in maintenance mode. {"user":"(node:67086) NOTE: The AWS SDK for JavaScript (v2) is in maintenance mode.","metadata":{"emulator":{"name":"functions"},"function":{"name":"us-central1-api"},"extension":{},"message":"\u001b[90m> \u001b[39m (node:67086) NOTE: The AWS SDK for JavaScript (v2) is in maintenance mode."}}
[info] >   SDK releases are limited to address critical bug fixes and security issues only. {"user":" SDK releases are limited to address critical bug fixes and security issues only.","metadata":{"emulator":{"name":"functions"},"function":{"name":"us-central1-api"},"extension":{},"message":"\u001b[90m> \u001b[39m  SDK releases are limited to address critical bug fixes and security issues only."}}
[info] >   {"user":"","metadata":{"emulator":{"name":"functions"},"function":{"name":"us-central1-api"},"extension":{},"message":"\u001b[90m> \u001b[39m "}}
[info] >  Please migrate your code to use AWS SDK for JavaScript (v3). {"user":"Please migrate your code to use AWS SDK for JavaScript (v3).","metadata":{"emulator":{"name":"functions"},"function":{"name":"us-central1-api"},"extension":{},"message":"\u001b[90m> \u001b[39m Please migrate your code to use AWS SDK for JavaScript (v3)."}}
[info] >  For more information, check the blog post at https://a.co/cUPnyil {"user":"For more information, check the blog post at https://a.co/cUPnyil","metadata":{"emulator":{"name":"functions"},"function":{"name":"us-central1-api"},"extension":{},"message":"\u001b[90m> \u001b[39m For more information, check the blog post at https://a.co/cUPnyil"}}
[info] >  (Use `node --trace-warnings ...` to show where the warning was created) {"user":"(Use `node --trace-warnings ...` to show where the warning was created)","metadata":{"emulator":{"name":"functions"},"function":{"name":"us-central1-api"},"extension":{},"message":"\u001b[90m> \u001b[39m (Use `node --trace-warnings ...` to show where the warning was created)"}}
[debug] [2025-06-18T09:07:41.538Z] [worker-us-central1-api-5efc7dae-f83c-4ab7-8e59-3c115caafaa1]: IDLE {"metadata":{"emulator":{"name":"functions"},"function":{"name":"us-central1-api"},"extension":{},"message":"[worker-us-central1-api-5efc7dae-f83c-4ab7-8e59-3c115caafaa1]: IDLE"}}
[debug] [2025-06-18T09:07:41.538Z] [worker-pool] submitRequest(triggerId=us-central1-api) {"metadata":{"emulator":{"name":"functions"},"message":"[worker-pool] submitRequest(triggerId=us-central1-api)"}}
[info] i  functions: Beginning execution of "us-central1-api" {"metadata":{"emulator":{"name":"functions"},"function":{"name":"us-central1-api"},"extension":{},"message":"Beginning execution of \"us-central1-api\""}}
[debug] [2025-06-18T09:07:41.538Z] [worker-us-central1-api-5efc7dae-f83c-4ab7-8e59-3c115caafaa1]: BUSY {"metadata":{"emulator":{"name":"functions"},"function":{"name":"us-central1-api"},"extension":{},"message":"[worker-us-central1-api-5efc7dae-f83c-4ab7-8e59-3c115caafaa1]: BUSY"}}
[info] >  Database connected successfully! {"user":"Database connected successfully!","metadata":{"emulator":{"name":"functions"},"function":{"name":"us-central1-api"},"extension":{},"message":"\u001b[90m> \u001b[39m Database connected successfully!"}}
[debug] [2025-06-18T09:07:44.758Z] Finishing up request with event=pause {"metadata":{"emulator":{"name":"functions"},"function":{"name":"us-central1-api"},"extension":{},"message":"Finishing up request with event=pause"}}
[info] i  functions: Finished "us-central1-api" in 3220.129958ms {"metadata":{"emulator":{"name":"functions"},"function":{"name":"us-central1-api"},"extension":{},"message":"Finished \"us-central1-api\" in 3220.129958ms"}}
[debug] [2025-06-18T09:07:44.759Z] [worker-us-central1-api-5efc7dae-f83c-4ab7-8e59-3c115caafaa1]: IDLE {"metadata":{"emulator":{"name":"functions"},"function":{"name":"us-central1-api"},"extension":{},"message":"[worker-us-central1-api-5efc7dae-f83c-4ab7-8e59-3c115caafaa1]: IDLE"}}
[debug] [2025-06-18T09:07:44.759Z] Finishing up request with event=finish {"metadata":{"emulator":{"name":"functions"},"function":{"name":"us-central1-api"},"extension":{},"message":"Finishing up request with event=finish"}}
[debug] [2025-06-18T09:07:44.759Z] Finishing up request with event=close {"metadata":{"emulator":{"name":"functions"},"function":{"name":"us-central1-api"},"extension":{},"message":"Finishing up request with event=close"}}
[debug] [2025-06-18T09:07:44.759Z] [work-queue] {"queuedWork":[],"queueLength":0,"runningWork":[],"workRunningCount":0}
[debug] [2025-06-18T09:07:51.439Z] File /Volumes/Workspace/My projects/node-backend/functions/src/routes/contentRoutes.js changed, reloading triggers {"metadata":{"emulator":{"name":"functions"},"message":"File /Volumes/Workspace/My projects/node-backend/functions/src/routes/contentRoutes.js changed, reloading triggers"}}
[debug] [2025-06-18T09:07:52.442Z] Validating nodejs source
[warn] ⚠  functions: package.json indicates an outdated version of firebase-functions. Please upgrade using npm install --save firebase-functions@latest in your functions directory. 
[warn] ⚠  functions: Please note that there will be breaking changes when you upgrade. 
[debug] [2025-06-18T09:07:52.906Z] > [functions] package.json contents: {
  "name": "functions",
  "description": "Cloud Functions for Firebase",
  "scripts": {
    "serve": "firebase emulators:start --only functions",
    "shell": "firebase functions:shell",
    "start": "npm run shell",
    "deploy": "firebase deploy --only functions",
    "logs": "firebase functions:log"
  },
  "engines": {
    "node": "18"
  },
  "main": "index.js",
  "dependencies": {
    "firebase-admin": "^12.1.0",
    "firebase-functions": "^5.0.0",
    "aws-sdk": "^2.1692.0",
    "body-parser": "^1.20.3",
    "cors": "^2.8.5",
    "dotenv": "^16.4.6",
    "express": "^4.21.1",
    "mongoose": "^8.8.3",
    "multer": "^1.4.5-lts.1",
    "sequelize": "^6.37.5"
  },
  "devDependencies": {
    "firebase-functions-test": "^3.1.0"
  },
  "private": true
}
[debug] [2025-06-18T09:07:52.906Z] Building nodejs source
[debug] [2025-06-18T09:07:52.906Z] Failed to find version of module node: reached end of search path /Volumes/Workspace/My projects/node-backend/functions/node_modules
[warn] ⚠  functions: Your requested "node" version "18" doesn't match your global version "20". Using node@20 from host. 
[info] i  functions: Loaded environment variables from .env. 
[debug] [2025-06-18T09:07:52.907Z] Could not find functions.yaml. Must use http discovery
[debug] [2025-06-18T09:07:52.908Z] Found firebase-functions binary at '/Volumes/Workspace/My projects/node-backend/functions/node_modules/.bin/firebase-functions'
[info] Serving at port 8621

[debug] [2025-06-18T09:07:53.204Z] Got response from /__/functions.yaml {"endpoints":{"api":{"platform":"gcfv1","availableMemoryMb":null,"timeoutSeconds":null,"minInstances":null,"maxInstances":null,"ingressSettings":null,"serviceAccountEmail":null,"vpc":null,"httpsTrigger":{},"entryPoint":"api"}},"specVersion":"v1alpha1","requiredAPIs":[],"extensions":{}}
[error] (node:67108) NOTE: The AWS SDK for JavaScript (v2) is in maintenance mode.
 SDK releases are limited to address critical bug fixes and security issues only.

Please migrate your code to use AWS SDK for JavaScript (v3).
For more information, check the blog post at https://a.co/cUPnyil
(Use `node --trace-warnings ...` to show where the warning was created)

[info] Database connected successfully!

[info] ✔  functions: Loaded functions definitions from source: api. {"metadata":{"emulator":{"name":"functions"},"message":"Loaded functions definitions from source: api."}}
[debug] [2025-06-18T09:08:03.218Z] [worker-pool] Shutting down IDLE worker (us-central1-api) {"metadata":{"emulator":{"name":"functions"},"message":"[worker-pool] Shutting down IDLE worker (us-central1-api)"}}
[debug] [2025-06-18T09:08:03.219Z] [worker-us-central1-api-5efc7dae-f83c-4ab7-8e59-3c115caafaa1]: FINISHING {"metadata":{"emulator":{"name":"functions"},"function":{"name":"us-central1-api"},"extension":{},"message":"[worker-us-central1-api-5efc7dae-f83c-4ab7-8e59-3c115caafaa1]: FINISHING"}}
[debug] [2025-06-18T09:08:03.226Z] [worker-us-central1-api-5efc7dae-f83c-4ab7-8e59-3c115caafaa1]: exited {"metadata":{"emulator":{"name":"functions"},"function":{"name":"us-central1-api"},"extension":{},"message":"[worker-us-central1-api-5efc7dae-f83c-4ab7-8e59-3c115caafaa1]: exited"}}
[debug] [2025-06-18T09:08:03.226Z] [worker-us-central1-api-5efc7dae-f83c-4ab7-8e59-3c115caafaa1]: FINISHED {"metadata":{"emulator":{"name":"functions"},"function":{"name":"us-central1-api"},"extension":{},"message":"[worker-us-central1-api-5efc7dae-f83c-4ab7-8e59-3c115caafaa1]: FINISHED"}}
